2015/10/06 19:51:23 INFO  - jmeter.util.JMeterUtils: Setting Locale to en_US 
2015/10/06 19:51:23 INFO  - jmeter.JMeter: Loading user properties from: /Users/dmoll1974/Development/workspace/jmeter-demo-script/target/jmeter/bin/user.properties 
2015/10/06 19:51:23 INFO  - jmeter.JMeter: Loading system properties from: /Users/dmoll1974/Development/workspace/jmeter-demo-script/target/jmeter/bin/system.properties 
2015/10/06 19:51:23 INFO  - jmeter.JMeter: Copyright (c) 1998-2015 The Apache Software Foundation 
2015/10/06 19:51:23 INFO  - jmeter.JMeter: Version 2.13 r1665067 
2015/10/06 19:51:23 INFO  - jmeter.JMeter: java.version=1.7.0_45 
2015/10/06 19:51:23 INFO  - jmeter.JMeter: java.vm.name=Java HotSpot(TM) 64-Bit Server VM 
2015/10/06 19:51:23 INFO  - jmeter.JMeter: os.name=Mac OS X 
2015/10/06 19:51:23 INFO  - jmeter.JMeter: os.arch=x86_64 
2015/10/06 19:51:23 INFO  - jmeter.JMeter: os.version=10.9.5 
2015/10/06 19:51:23 INFO  - jmeter.JMeter: file.encoding=UTF-8 
2015/10/06 19:51:23 INFO  - jmeter.JMeter: Default Locale=English (United States) 
2015/10/06 19:51:23 INFO  - jmeter.JMeter: JMeter  Locale=English (United States) 
2015/10/06 19:51:23 INFO  - jmeter.JMeter: JMeterHome=/Users/dmoll1974/Development/workspace/jmeter-demo-script/target/jmeter 
2015/10/06 19:51:23 INFO  - jmeter.JMeter: user.dir  =/Users/dmoll1974/Development/workspace/jmeter-demo-script/target/jmeter/bin 
2015/10/06 19:51:23 INFO  - jmeter.JMeter: PWD       =/Users/dmoll1974/Development/workspace/jmeter-demo-script/target/jmeter/bin 
2015/10/06 19:51:23 INFO  - jmeter.JMeter: IP: 10.0.1.7 Name: Daniels-iMac-3.local FullName: 10.0.1.7 
2015/10/06 19:51:23 INFO  - jmeter.services.FileServer: Default base='/Users/dmoll1974/Development/workspace/jmeter-demo-script/target/jmeter/bin' 
2015/10/06 19:51:23 INFO  - jmeter.services.FileServer: Set new base='/Users/dmoll1974/Development/workspace/jmeter-demo-script/src/test/jmeter' 
2015/10/06 19:51:23 INFO  - jmeter.save.SaveService: Testplan (JMX) version: 2.2. Testlog (JTL) version: 2.2 
2015/10/06 19:51:23 INFO  - jmeter.save.SaveService: Using SaveService properties file encoding UTF-8 
2015/10/06 19:51:23 INFO  - jmeter.save.SaveService: Using SaveService properties file version 1656252 
2015/10/06 19:51:23 INFO  - jmeter.save.SaveService: Using SaveService properties version 2.8 
2015/10/06 19:51:23 INFO  - jmeter.save.SaveService: All converter versions present and correct 
2015/10/06 19:51:23 INFO  - jmeter.save.SaveService: Loading file: /Users/dmoll1974/Development/workspace/jmeter-demo-script/src/test/jmeter/jmeter-demo-script.jmx 
2015/10/06 19:51:23 INFO  - jmeter.protocol.http.sampler.HTTPSamplerBase: Cannot find .className property for htmlParser, using default 
2015/10/06 19:51:23 INFO  - jmeter.protocol.http.sampler.HTTPSamplerBase: Parser for text/html is  
2015/10/06 19:51:23 INFO  - jmeter.protocol.http.sampler.HTTPSamplerBase: Parser for application/xhtml+xml is  
2015/10/06 19:51:23 INFO  - jmeter.protocol.http.sampler.HTTPSamplerBase: Parser for application/xml is  
2015/10/06 19:51:23 INFO  - jmeter.protocol.http.sampler.HTTPSamplerBase: Parser for text/xml is  
2015/10/06 19:51:23 INFO  - jmeter.protocol.http.sampler.HTTPSamplerBase: Parser for text/vnd.wap.wml is org.apache.jmeter.protocol.http.parser.RegexpHTMLParser 
2015/10/06 19:51:23 INFO  - jmeter.samplers.SampleResult: Note: Sample TimeStamps are START times 
2015/10/06 19:51:23 INFO  - jmeter.samplers.SampleResult: sampleresult.default.encoding is set to ISO-8859-1 
2015/10/06 19:51:23 INFO  - jmeter.samplers.SampleResult: sampleresult.useNanoTime=true 
2015/10/06 19:51:23 INFO  - jmeter.samplers.SampleResult: sampleresult.nanoThreadSleep=5000 
2015/10/06 19:51:23 INFO  - jmeter.JMeter: Creating summariser <summary> 
2015/10/06 19:51:23 INFO  - jmeter.engine.StandardJMeterEngine: Listeners will be started after enabling running version 
2015/10/06 19:51:23 INFO  - jmeter.engine.StandardJMeterEngine: To revert to the earlier behaviour, define jmeterengine.startlistenerslater=false 
2015/10/06 19:51:23 INFO  - jmeter.engine.StandardJMeterEngine: Running the test! 
2015/10/06 19:51:23 INFO  - jmeter.samplers.SampleEvent: List of sample_variables: [] 
2015/10/06 19:51:23 INFO  - jmeter.samplers.SampleEvent: List of sample_variables: [] 
2015/10/06 19:51:23 INFO  - jmeter.engine.util.CompoundVariable: Note: Function class names must contain the string: '.functions.' 
2015/10/06 19:51:23 INFO  - jmeter.engine.util.CompoundVariable: Note: Function class names must not contain the string: '.gui.' 
2015/10/06 19:51:23 INFO  - jmeter.visualizers.backend.BackendListener: Backend Listener:Starting worker with class:class org.apache.jmeter.visualizers.backend.graphite.GraphiteBackendListenerClient and queue capacity:5000 
2015/10/06 19:51:23 INFO  - jmeter.visualizers.backend.BackendListener: Backend Listener: Started  worker with class:class org.apache.jmeter.visualizers.backend.graphite.GraphiteBackendListenerClient 
2015/10/06 19:51:23 INFO  - jmeter.visualizers.backend.graphite.TextGraphiteMetricsSender: Created TextGraphiteMetricsSender with host:172.21.42.174, port:2003, prefix:jmeter.demo. 
2015/10/06 19:51:23 INFO  - jmeter.JMeter: Running test (1444153883884) 
2015/10/06 19:51:23 INFO  - jmeter.engine.StandardJMeterEngine: Starting setUp thread groups 
2015/10/06 19:51:23 INFO  - jmeter.engine.StandardJMeterEngine: Starting setUp ThreadGroup: 1 : setUp Thread Group 
2015/10/06 19:51:23 INFO  - jmeter.engine.StandardJMeterEngine: Starting 1 threads for group setUp Thread Group. 
2015/10/06 19:51:23 INFO  - jmeter.engine.StandardJMeterEngine: Thread will continue on error 
2015/10/06 19:51:23 INFO  - jmeter.threads.ThreadGroup: Starting thread group number 1 threads 1 ramp-up 1 perThread 1000.0 delayedStart=false 
2015/10/06 19:51:23 INFO  - jmeter.threads.JMeterThread: jmeterthread.startearlier=true (see jmeter.properties) 
2015/10/06 19:51:23 INFO  - jmeter.threads.JMeterThread: Running PostProcessors in forward order 
2015/10/06 19:51:23 INFO  - jmeter.threads.ThreadGroup: Started thread group number 1 
2015/10/06 19:51:23 INFO  - jmeter.engine.StandardJMeterEngine: Waiting for all setup thread groups to exit 
2015/10/06 19:51:23 INFO  - jmeter.threads.JMeterThread: Thread started: setUp Thread Group 1-1 
2015/10/06 19:51:23 INFO  - jmeter.protocol.http.sampler.HTTPHCAbstractImpl: Local host = Daniels-iMac-3.local 
2015/10/06 19:51:23 INFO  - jmeter.protocol.http.sampler.HTTPHC4Impl: HTTP request retry count = 0 
2015/10/06 19:51:23 INFO  - jmeter.protocol.http.sampler.HTTPHC4Impl: Setting up HTTPS TrustAll scheme 
2015/10/06 19:51:23 INFO  - jmeter.util.JsseSSLManager: Using default SSL protocol: TLS 
2015/10/06 19:51:23 INFO  - jmeter.util.JsseSSLManager: SSL session context: per-thread 
2015/10/06 19:51:24 INFO  - jmeter.threads.JMeterThread: Thread is done: setUp Thread Group 1-1 
2015/10/06 19:51:24 INFO  - jmeter.threads.JMeterThread: Thread finished: setUp Thread Group 1-1 
2015/10/06 19:51:24 INFO  - jmeter.engine.StandardJMeterEngine: All Setup Threads have ended 
2015/10/06 19:51:24 INFO  - jmeter.engine.StandardJMeterEngine: Starting ThreadGroup: 1 : Thread Group 
2015/10/06 19:51:24 INFO  - jmeter.engine.StandardJMeterEngine: Starting 0 threads for group Thread Group. 
2015/10/06 19:51:24 INFO  - jmeter.engine.StandardJMeterEngine: Thread will continue on error 
2015/10/06 19:51:24 INFO  - jmeter.threads.ThreadGroup: Starting thread group number 1 threads 0 ramp-up 0 perThread NaN delayedStart=false 
2015/10/06 19:51:24 INFO  - jmeter.threads.ThreadGroup: Started thread group number 1 
2015/10/06 19:51:24 INFO  - jmeter.engine.StandardJMeterEngine: All thread groups have been started 
2015/10/06 19:51:24 INFO  - jmeter.engine.StandardJMeterEngine: Starting tearDown thread groups 
2015/10/06 19:51:24 INFO  - jmeter.engine.StandardJMeterEngine: Starting tearDown ThreadGroup: 1 : tearDown Thread Group 
2015/10/06 19:51:24 INFO  - jmeter.engine.StandardJMeterEngine: Starting 1 threads for group tearDown Thread Group. 
2015/10/06 19:51:24 INFO  - jmeter.engine.StandardJMeterEngine: Thread will continue on error 
2015/10/06 19:51:24 INFO  - jmeter.threads.ThreadGroup: Starting thread group number 1 threads 1 ramp-up 1 perThread 1000.0 delayedStart=false 
2015/10/06 19:51:24 INFO  - jmeter.threads.ThreadGroup: Started thread group number 1 
2015/10/06 19:51:24 INFO  - jmeter.threads.JMeterThread: Thread started: tearDown Thread Group 1-1 
2015/10/06 19:51:24 INFO  - jmeter.threads.JMeterThread: Thread is done: tearDown Thread Group 1-1 
2015/10/06 19:51:24 INFO  - jmeter.threads.JMeterThread: Thread finished: tearDown Thread Group 1-1 
2015/10/06 19:51:24 INFO  - jmeter.engine.StandardJMeterEngine: Notifying test listeners of end of test 
2015/10/06 19:51:24 INFO  - jmeter.visualizers.backend.BackendListener: Worker ended 
2015/10/06 19:51:25 ERROR - jmeter.visualizers.backend.graphite.TextGraphiteMetricsSender: Error writing to Graphite:connect timed out 
2015/10/06 19:51:25 INFO  - jmeter.reporters.Summariser: summary =      2 in   1.3s =    1.6/s Avg:     0 Min:     0 Max:     0 Err:     2 (100.00%) 
