2015/10/06 16:41:19 INFO  - jmeter.util.JMeterUtils: Setting Locale to en_US 
2015/10/06 16:41:19 INFO  - jmeter.JMeter: Loading user properties from: D:\dev\workspace\jmeter-targets-io\target\jmeter\bin\user.properties 
2015/10/06 16:41:19 INFO  - jmeter.JMeter: Loading system properties from: D:\dev\workspace\jmeter-targets-io\target\jmeter\bin\system.properties 
2015/10/06 16:41:19 INFO  - jmeter.JMeter: Copyright (c) 1998-2015 The Apache Software Foundation 
2015/10/06 16:41:19 INFO  - jmeter.JMeter: Version 2.13 r1665067 
2015/10/06 16:41:19 INFO  - jmeter.JMeter: java.version=1.8.0_40 
2015/10/06 16:41:19 INFO  - jmeter.JMeter: java.vm.name=Java HotSpot(TM) 64-Bit Server VM 
2015/10/06 16:41:19 INFO  - jmeter.JMeter: os.name=Windows 7 
2015/10/06 16:41:19 INFO  - jmeter.JMeter: os.arch=amd64 
2015/10/06 16:41:19 INFO  - jmeter.JMeter: os.version=6.1 
2015/10/06 16:41:19 INFO  - jmeter.JMeter: file.encoding=Cp1252 
2015/10/06 16:41:19 INFO  - jmeter.JMeter: Default Locale=English (United States) 
2015/10/06 16:41:19 INFO  - jmeter.JMeter: JMeter  Locale=English (United States) 
2015/10/06 16:41:19 INFO  - jmeter.JMeter: JMeterHome=D:\dev\workspace\jmeter-targets-io\target\jmeter 
2015/10/06 16:41:19 INFO  - jmeter.JMeter: user.dir  =D:\dev\workspace\jmeter-targets-io\target\jmeter\bin 
2015/10/06 16:41:19 INFO  - jmeter.JMeter: PWD       =D:\dev\workspace\jmeter-targets-io\target\jmeter\bin 
2015/10/06 16:41:19 INFO  - jmeter.JMeter: IP: 172.30.17.150 Name: KLM123444 FullName: KLM123444.cs.ad.klmcorp.net 
2015/10/06 16:41:19 INFO  - jmeter.services.FileServer: Default base='D:\dev\workspace\jmeter-targets-io\target\jmeter\bin' 
2015/10/06 16:41:19 INFO  - jmeter.services.FileServer: Set new base='D:\dev\workspace\jmeter-targets-io\src\test\jmeter' 
2015/10/06 16:41:19 INFO  - jmeter.save.SaveService: Testplan (JMX) version: 2.2. Testlog (JTL) version: 2.2 
2015/10/06 16:41:19 INFO  - jmeter.save.SaveService: Using SaveService properties file encoding UTF-8 
2015/10/06 16:41:19 INFO  - jmeter.save.SaveService: Using SaveService properties file version 1656252 
2015/10/06 16:41:19 INFO  - jmeter.save.SaveService: Using SaveService properties version 2.8 
2015/10/06 16:41:19 INFO  - jmeter.save.SaveService: All converter versions present and correct 
2015/10/06 16:41:19 INFO  - jmeter.save.SaveService: Loading file: D:\dev\workspace\jmeter-targets-io\src\test\jmeter\targets-io-demo.jmx 
2015/10/06 16:41:19 INFO  - jmeter.protocol.http.sampler.HTTPSamplerBase: Cannot find .className property for htmlParser, using default 
2015/10/06 16:41:19 INFO  - jmeter.protocol.http.sampler.HTTPSamplerBase: Parser for text/html is  
2015/10/06 16:41:19 INFO  - jmeter.protocol.http.sampler.HTTPSamplerBase: Parser for application/xhtml+xml is  
2015/10/06 16:41:19 INFO  - jmeter.protocol.http.sampler.HTTPSamplerBase: Parser for application/xml is  
2015/10/06 16:41:19 INFO  - jmeter.protocol.http.sampler.HTTPSamplerBase: Parser for text/xml is  
2015/10/06 16:41:19 INFO  - jmeter.protocol.http.sampler.HTTPSamplerBase: Parser for text/vnd.wap.wml is org.apache.jmeter.protocol.http.parser.RegexpHTMLParser 
2015/10/06 16:41:19 INFO  - jmeter.samplers.SampleResult: Note: Sample TimeStamps are START times 
2015/10/06 16:41:19 INFO  - jmeter.samplers.SampleResult: sampleresult.default.encoding is set to ISO-8859-1 
2015/10/06 16:41:19 INFO  - jmeter.samplers.SampleResult: sampleresult.useNanoTime=true 
2015/10/06 16:41:19 INFO  - jmeter.samplers.SampleResult: sampleresult.nanoThreadSleep=5000 
2015/10/06 16:41:19 INFO  - jmeter.JMeter: Creating summariser <summary> 
2015/10/06 16:41:19 INFO  - jmeter.engine.StandardJMeterEngine: Listeners will be started after enabling running version 
2015/10/06 16:41:19 INFO  - jmeter.engine.StandardJMeterEngine: To revert to the earlier behaviour, define jmeterengine.startlistenerslater=false 
2015/10/06 16:41:19 INFO  - jmeter.engine.StandardJMeterEngine: Running the test! 
2015/10/06 16:41:19 INFO  - jmeter.samplers.SampleEvent: List of sample_variables: [] 
2015/10/06 16:41:19 INFO  - jmeter.samplers.SampleEvent: List of sample_variables: [] 
2015/10/06 16:41:19 INFO  - jmeter.engine.util.CompoundVariable: Note: Function class names must contain the string: '.functions.' 
2015/10/06 16:41:19 INFO  - jmeter.engine.util.CompoundVariable: Note: Function class names must not contain the string: '.gui.' 
2015/10/06 16:41:19 ERROR - jmeter.JMeter: Uncaught exception:  java.lang.NoClassDefFoundError: org/apache/commons/math3/stat/descriptive/DescriptiveStatistics
	at org.apache.jmeter.visualizers.backend.UserMetric.<init>(UserMetric.java:34)
	at org.apache.jmeter.visualizers.backend.AbstractBackendListenerClient.<init>(AbstractBackendListenerClient.java:57)
	at org.apache.jmeter.visualizers.backend.graphite.GraphiteBackendListenerClient.<init>(GraphiteBackendListenerClient.java:111)
	at sun.reflect.NativeConstructorAccessorImpl.newInstance0(Native Method)
	at sun.reflect.NativeConstructorAccessorImpl.newInstance(NativeConstructorAccessorImpl.java:62)
	at sun.reflect.DelegatingConstructorAccessorImpl.newInstance(DelegatingConstructorAccessorImpl.java:45)
	at java.lang.reflect.Constructor.newInstance(Constructor.java:422)
	at java.lang.Class.newInstance(Class.java:442)
	at org.apache.jmeter.visualizers.backend.BackendListener.createBackendListenerClientImpl(BackendListener.java:281)
	at org.apache.jmeter.visualizers.backend.BackendListener.testStarted(BackendListener.java:321)
	at org.apache.jmeter.visualizers.backend.BackendListener.testStarted(BackendListener.java:294)
	at org.apache.jmeter.engine.StandardJMeterEngine.notifyTestListenersOfStart(StandardJMeterEngine.java:214)
	at org.apache.jmeter.engine.StandardJMeterEngine.run(StandardJMeterEngine.java:336)
	at java.lang.Thread.run(Thread.java:745)
Caused by: java.lang.ClassNotFoundException: org.apache.commons.math3.stat.descriptive.DescriptiveStatistics
	at java.net.URLClassLoader.findClass(URLClassLoader.java:381)
	at java.lang.ClassLoader.loadClass(ClassLoader.java:424)
	at java.lang.ClassLoader.loadClass(ClassLoader.java:357)
	... 14 more

2015/10/06 16:41:19 INFO  - jmeter.reporters.ResultCollector: Shutdown hook started 
2015/10/06 16:41:19 INFO  - jmeter.reporters.ResultCollector: Shutdown hook ended 
